\BOOKMARK [0][-]{chapter.1}{\376\377\006\251\006\104\006\314\006\052\000\040\006\101\006\047\006\062\000\040\006\047\006\110\006\104\000\040\006\176\006\061\006\110\006\230\006\107}{}% 1
\BOOKMARK [1][-]{section.1.1}{\376\377\006\064\006\061\006\055}{chapter.1}% 2
\BOOKMARK [1][-]{section.1.2}{\376\377\006\052\006\102\006\063\006\314\006\105\000\040\006\110\006\070\006\047\006\314\006\101}{chapter.1}% 3
\BOOKMARK [0][-]{chapter.2}{\376\377\006\057\006\314\006\047\006\257\006\061\006\047\006\105\000\040\006\107\006\047\006\314\000\040\000E\000R}{}% 4
\BOOKMARK [1][-]{section.2.1}{\376\377\006\064\006\061\006\055}{chapter.2}% 5
\BOOKMARK [1][-]{section.2.2}{\376\377\006\052\006\110\006\066\006\314\006\055\000\040\006\107\006\061\000\040\006\105\006\110\006\054\006\110\006\057\006\314\006\052}{chapter.2}% 6
\BOOKMARK [2][-]{subsection.2.2.1}{\376\377\000U\000s\000e\000r}{section.2.2}% 7
\BOOKMARK [2][-]{subsection.2.2.2}{\376\377\000W\000a\000l\000l\000e\000t}{section.2.2}% 8
\BOOKMARK [2][-]{subsection.2.2.3}{\376\377\000T\000r\000a\000n\000s\000a\000c\000t\000i\000o\000n\000s}{section.2.2}% 9
\BOOKMARK [2][-]{subsection.2.2.4}{\376\377\000M\000a\000r\000k\000e\000t}{section.2.2}% 10
\BOOKMARK [0][-]{chapter.3}{\376\377\006\063\006\110\006\047\006\104\006\047\006\052\000\040\006\054\006\050\006\061\000\040\006\061\006\047\006\050\006\067\006\107\040\014\006\047\006\314}{}% 11
\BOOKMARK [1][-]{section.3.1}{\376\377\006\064\006\061\006\055}{chapter.3}% 12
\BOOKMARK [1][-]{section.3.2}{\376\377\006\176\006\047\006\063\006\056\000\040\006\050\006\107\000\040\006\063\006\110\006\047\006\104\006\047\006\052}{chapter.3}% 13
\BOOKMARK [2][-]{subsection.3.2.1}{\376\377\006\063\006\110\006\047\006\104\000\040\0001}{section.3.2}% 14
\BOOKMARK [2][-]{subsection.3.2.2}{\376\377\006\063\006\110\006\047\006\104\000\040\0002}{section.3.2}% 15
\BOOKMARK [2][-]{subsection.3.2.3}{\376\377\006\063\006\110\006\047\006\104\000\040\0003}{section.3.2}% 16
\BOOKMARK [2][-]{subsection.3.2.4}{\376\377\006\063\006\110\006\047\006\104\000\040\0004}{section.3.2}% 17
\BOOKMARK [2][-]{subsection.3.2.5}{\376\377\006\063\006\110\006\047\006\104\000\040\0005}{section.3.2}% 18
\BOOKMARK [2][-]{subsection.3.2.6}{\376\377\006\063\006\110\006\047\006\104\000\040\0006}{section.3.2}% 19
\BOOKMARK [2][-]{subsection.3.2.7}{\376\377\006\063\006\110\006\047\006\104\000\040\0007}{section.3.2}% 20
\BOOKMARK [2][-]{subsection.3.2.8}{\376\377\006\063\006\110\006\047\006\104\000\040\0008}{section.3.2}% 21
\BOOKMARK [2][-]{subsection.3.2.9}{\376\377\006\063\006\110\006\047\006\104\000\040\0009}{section.3.2}% 22
\BOOKMARK [2][-]{subsection.3.2.10}{\376\377\006\063\006\110\006\047\006\104\000\040\0001\0000}{section.3.2}% 23
